<?xml version="1.0" encoding="UTF-8"?>
<!-- Generated by org.testng.reporters.JUnitReportReporter -->
<testsuite hostname="PC010422" failures="0" tests="1" name="POMtestpackage.Logintest" time="36.278" errors="0" timestamp="2022-07-14T09:50:55 IST" skipped="0">
  <testcase classname="POMtestpackage.Logintest" name="login" time="36.278"/>
  <system-out/>
</testsuite> <!-- POMtestpackage.Logintest -->
