<?xml version="1.0" encoding="UTF-8"?>
<!-- Generated by org.testng.reporters.JUnitReportReporter -->
<testsuite hostname="PC010422" failures="0" tests="4" name="sureFirePackage.DogInsuranceTest" time="0.035" errors="0" timestamp="2022-07-01T10:03:58 IST" skipped="0">
  <testcase classname="sureFirePackage.DogInsuranceTest" name="WebLogout" time="0.010"/>
  <system-out/>
  <testcase classname="sureFirePackage.DogInsuranceTest" name="MobileLogout" time="0.010"/>
  <system-out/>
  <testcase classname="sureFirePackage.DogInsuranceTest" name="WebLogin" time="0.010"/>
  <system-out/>
  <testcase classname="sureFirePackage.DogInsuranceTest" name="MobileLogIn" time="0.005"/>
  <system-out/>
</testsuite> <!-- sureFirePackage.DogInsuranceTest -->
