<?xml version="1.0" encoding="UTF-8"?>
<!-- Generated by org.testng.reporters.JUnitReportReporter -->
<testsuite hostname="LAPTOP-2L4TB7K4" failures="0" tests="4" name="Tutorial.VehicleInsurance" time="0.018" errors="0" timestamp="2022-07-21T14:24:29 IST" skipped="0">
  <testcase classname="Tutorial.VehicleInsurance" name="MobileLogout" time="0.013"/>
  <system-out/>
  <testcase classname="Tutorial.VehicleInsurance" name="MobileLogIn" time="0.001"/>
  <system-out/>
  <testcase classname="Tutorial.VehicleInsurance" name="WebLogout" time="0.002"/>
  <system-out/>
  <testcase classname="Tutorial.VehicleInsurance" name="WebLogin" time="0.002"/>
  <system-out/>
</testsuite> <!-- Tutorial.VehicleInsurance -->
