<?xml version="1.0" encoding="UTF-8"?>
<!-- Generated by org.testng.reporters.JUnitReportReporter -->
<testsuite hostname="LAPTOP-2L4TB7K4" failures="0" tests="1" name="Tutorial.ParameterInTestNg" time="0.002" errors="0" timestamp="2022-07-21T14:24:29 IST" skipped="0">
  <testcase classname="Tutorial.ParameterInTestNg" name="pgm" time="0.002"/>
  <system-out/>
</testsuite> <!-- Tutorial.ParameterInTestNg -->
