<?xml version="1.0" encoding="UTF-8"?>
<!-- Generated by org.testng.reporters.JUnitReportReporter -->
<testsuite hostname="LAPTOP-2L4TB7K4" failures="0" tests="4" name="Tutorial.DataProviderPGM" time="52.558" errors="0" timestamp="2022-07-21T14:08:52 IST" skipped="0">
  <testcase classname="Tutorial.DataProviderPGM" name="SwagLagsLogin" time="17.776"/>
  <system-out/>
  <testcase classname="Tutorial.DataProviderPGM" name="SwagLagsLogin" time="9.783"/>
  <system-out/>
  <testcase classname="Tutorial.DataProviderPGM" name="SwagLagsLogin" time="10.233"/>
  <system-out/>
  <testcase classname="Tutorial.DataProviderPGM" name="SwagLagsLogin" time="14.766"/>
  <system-out/>
</testsuite> <!-- Tutorial.DataProviderPGM -->
