<?xml version="1.0" encoding="UTF-8"?>
<!-- Generated by org.testng.reporters.JUnitReportReporter -->
<testsuite hostname="PC010422" failures="0" tests="4" name="sureFirePackage.DogInsuranceTest" time="0.024" errors="0" timestamp="2022-06-28T06:31:02 IST" skipped="0">
  <testcase classname="sureFirePackage.DogInsuranceTest" name="MobileLogIn" time="0.005"/>
  <system-out/>
  <testcase classname="sureFirePackage.DogInsuranceTest" name="WebLogout" time="0.011"/>
  <system-out/>
  <testcase classname="sureFirePackage.DogInsuranceTest" name="MobileLogout" time="0.005"/>
  <system-out/>
  <testcase classname="sureFirePackage.DogInsuranceTest" name="WebLogin" time="0.003"/>
  <system-out/>
</testsuite> <!-- sureFirePackage.DogInsuranceTest -->
