<?xml version="1.0" encoding="UTF-8"?>
<!-- Generated by org.testng.reporters.JUnitReportReporter -->
<testsuite hostname="PC010422" failures="0" tests="4" name="sureFirePackage.HomeInsuranceTest" time="0.028" errors="0" timestamp="2022-06-28T06:32:00 IST" skipped="0">
  <testcase classname="sureFirePackage.HomeInsuranceTest" name="MobileLogIn" time="0.017"/>
  <system-out/>
  <testcase classname="sureFirePackage.HomeInsuranceTest" name="WebLogout" time="0.003"/>
  <system-out/>
  <testcase classname="sureFirePackage.HomeInsuranceTest" name="WebLogin" time="0.004"/>
  <system-out/>
  <testcase classname="sureFirePackage.HomeInsuranceTest" name="MobileLogout" time="0.004"/>
  <system-out/>
</testsuite> <!-- sureFirePackage.HomeInsuranceTest -->
